<?xml version="1.0" encoding="utf-8"?><testsuites name="pytest tests"><testsuite name="pytest" errors="0" failures="0" skipped="0" tests="6" time="1.215" timestamp="2026-04-09T09:59:36.022898+00:00" hostname="agent-env-78ea0569-3def-4f4f-add9-9d75513552a7"><testcase classname="backend.tests.test_aesthetics.TestHealthAndRoot" name="test_api_root" time="0.318" /><testcase classname="backend.tests.test_aesthetics.TestHealthAndRoot" name="test_get_enquiries_returns_list" time="0.154" /><testcase classname="backend.tests.test_aesthetics.TestEnquiryAPI" name="test_post_enquiry_valid" time="0.137" /><testcase classname="backend.tests.test_aesthetics.TestEnquiryAPI" name="test_post_enquiry_minimal" time="0.139" /><testcase classname="backend.tests.test_aesthetics.TestEnquiryAPI" name="test_post_enquiry_missing_required_field" time="0.127" /><testcase classname="backend.tests.test_aesthetics.TestEnquiryAPI" name="test_enquiry_persisted_in_db" time="0.204" /></testsuite></testsuites>